<component name="libraryTable">
  <library name="junit-platform-console-standalone-1.11.0">
    <CLASSES>
      <root url="jar://$PROJECT_DIR$/lib/junit-platform-console-standalone-1.11.0.jar!/" />
    </CLASSES>
    <JAVADOC />
    <SOURCES />
  </library>
</component>